<?xml version="1.0" encoding="UTF-8"?>
<!-- Generated by org.testng.reporters.JUnitReportReporter -->
<testsuite hostname="QT-INNO-LT0915" failures="0" tests="1" name="locators.com.locators" time="67.479" errors="0" timestamp="27 Oct 2021 19:10:43 GMT" skipped="0">
  <testcase classname="locators.com.locators" name="testing" time="67.479"/>
</testsuite> <!-- locators.com.locators -->
